{"/Users/greasonek/projects/code-401/labs/resty/src/App.jsx": {"path":"/Users/greasonek/projects/code-401/labs/resty/src/App.jsx","statementMap":{"0":{"start":{"line":15,"column":12},"end":{"line":87,"column":1}},"1":{"start":{"line":16,"column":34},"end":{"line":19,"column":8}},"2":{"start":{"line":31,"column":6},"end":{"line":69,"column":21}},"3":{"start":{"line":33,"column":8},"end":{"line":33,"column":47}},"4":{"start":{"line":33,"column":40},"end":{"line":33,"column":47}},"5":{"start":{"line":34,"column":8},"end":{"line":34,"column":70}},"6":{"start":{"line":34,"column":63},"end":{"line":34,"column":70}},"7":{"start":{"line":35,"column":8},"end":{"line":35,"column":32}},"8":{"start":{"line":36,"column":8},"end":{"line":62,"column":13}},"9":{"start":{"line":37,"column":22},"end":{"line":37,"column":48}},"10":{"start":{"line":38,"column":25},"end":{"line":38,"column":54}},"11":{"start":{"line":39,"column":10},"end":{"line":39,"column":35}},"12":{"start":{"line":43,"column":31},"end":{"line":43,"column":74}},"13":{"start":{"line":44,"column":14},"end":{"line":44,"column":36}},"14":{"start":{"line":45,"column":14},"end":{"line":45,"column":47}},"15":{"start":{"line":63,"column":8},"end":{"line":65,"column":10}},"16":{"start":{"line":64,"column":10},"end":{"line":64,"column":44}},"17":{"start":{"line":71,"column":18},"end":{"line":73,"column":3}},"18":{"start":{"line":72,"column":4},"end":{"line":72,"column":43}},"19":{"start":{"line":75,"column":4},"end":{"line":86,"column":6}}},"fnMap":{"0":{"name":"(anonymous_0)","decl":{"start":{"line":15,"column":12},"end":{"line":15,"column":13}},"loc":{"start":{"line":15,"column":18},"end":{"line":87,"column":1}},"line":15},"1":{"name":"(anonymous_1)","decl":{"start":{"line":31,"column":16},"end":{"line":31,"column":17}},"loc":{"start":{"line":31,"column":22},"end":{"line":69,"column":7}},"line":31},"2":{"name":"(anonymous_2)","decl":{"start":{"line":36,"column":9},"end":{"line":36,"column":10}},"loc":{"start":{"line":36,"column":21},"end":{"line":62,"column":9}},"line":36},"3":{"name":"(anonymous_3)","decl":{"start":{"line":63,"column":15},"end":{"line":63,"column":16}},"loc":{"start":{"line":63,"column":21},"end":{"line":65,"column":9}},"line":63},"4":{"name":"(anonymous_4)","decl":{"start":{"line":71,"column":18},"end":{"line":71,"column":19}},"loc":{"start":{"line":71,"column":37},"end":{"line":73,"column":3}},"line":71}},"branchMap":{"0":{"loc":{"start":{"line":33,"column":8},"end":{"line":33,"column":47}},"type":"if","locations":[{"start":{"line":33,"column":8},"end":{"line":33,"column":47}},{"start":{},"end":{}}],"line":33},"1":{"loc":{"start":{"line":34,"column":8},"end":{"line":34,"column":70}},"type":"if","locations":[{"start":{"line":34,"column":8},"end":{"line":34,"column":70}},{"start":{},"end":{}}],"line":34},"2":{"loc":{"start":{"line":34,"column":11},"end":{"line":34,"column":61}},"type":"binary-expr","locations":[{"start":{"line":34,"column":11},"end":{"line":34,"column":24}},{"start":{"line":34,"column":28},"end":{"line":34,"column":61}}],"line":34},"3":{"loc":{"start":{"line":83,"column":5},"end":{"line":83,"column":78}},"type":"binary-expr","locations":[{"start":{"line":83,"column":5},"end":{"line":83,"column":42}},{"start":{"line":83,"column":46},"end":{"line":83,"column":78}}],"line":83}},"s":{"0":1,"1":3,"2":3,"3":3,"4":2,"5":1,"6":0,"7":1,"8":1,"9":1,"10":1,"11":1,"12":1,"13":0,"14":0,"15":1,"16":1,"17":3,"18":1,"19":3},"f":{"0":3,"1":3,"2":1,"3":1,"4":1},"b":{"0":[2,1],"1":[0,1],"2":[1,1],"3":[3,0]},"_coverageSchema":"1a1c01bbd47fc00a2c39e90264f33305004495a9","hash":"d15425b6491da3397aaecb1f82dc3902f67d77bd"}
,"/Users/greasonek/projects/code-401/labs/resty/src/Components/Footer/index.jsx": {"path":"/Users/greasonek/projects/code-401/labs/resty/src/Components/Footer/index.jsx","statementMap":{"0":{"start":{"line":3,"column":15},"end":{"line":7,"column":1}},"1":{"start":{"line":4,"column":2},"end":{"line":6,"column":3}}},"fnMap":{"0":{"name":"(anonymous_0)","decl":{"start":{"line":3,"column":15},"end":{"line":3,"column":16}},"loc":{"start":{"line":3,"column":21},"end":{"line":7,"column":1}},"line":3}},"branchMap":{},"s":{"0":1,"1":3},"f":{"0":3},"b":{},"_coverageSchema":"1a1c01bbd47fc00a2c39e90264f33305004495a9","hash":"d60c9510ceec9d9c5f955e3af584fffac43db7bb"}
,"/Users/greasonek/projects/code-401/labs/resty/src/Components/Form/index.jsx": {"path":"/Users/greasonek/projects/code-401/labs/resty/src/Components/Form/index.jsx","statementMap":{"0":{"start":{"line":3,"column":13},"end":{"line":78,"column":1}},"1":{"start":{"line":5,"column":34},"end":{"line":9,"column":4}},"2":{"start":{"line":10,"column":23},"end":{"line":13,"column":3}},"3":{"start":{"line":11,"column":4},"end":{"line":11,"column":23}},"4":{"start":{"line":12,"column":4},"end":{"line":12,"column":34}},"5":{"start":{"line":14,"column":27},"end":{"line":17,"column":1}},"6":{"start":{"line":15,"column":24},"end":{"line":15,"column":32}},"7":{"start":{"line":16,"column":2},"end":{"line":16,"column":44}},"8":{"start":{"line":19,"column":26},"end":{"line":21,"column":1}},"9":{"start":{"line":20,"column":2},"end":{"line":20,"column":50}},"10":{"start":{"line":23,"column":23},"end":{"line":25,"column":1}},"11":{"start":{"line":24,"column":2},"end":{"line":24,"column":51}},"12":{"start":{"line":26,"column":2},"end":{"line":77,"column":3}},"13":{"start":{"line":44,"column":70},"end":{"line":44,"column":87}}},"fnMap":{"0":{"name":"(anonymous_0)","decl":{"start":{"line":3,"column":13},"end":{"line":3,"column":14}},"loc":{"start":{"line":3,"column":24},"end":{"line":78,"column":1}},"line":3},"1":{"name":"(anonymous_1)","decl":{"start":{"line":10,"column":23},"end":{"line":10,"column":24}},"loc":{"start":{"line":10,"column":28},"end":{"line":13,"column":3}},"line":10},"2":{"name":"(anonymous_2)","decl":{"start":{"line":14,"column":27},"end":{"line":14,"column":28}},"loc":{"start":{"line":14,"column":34},"end":{"line":17,"column":1}},"line":14},"3":{"name":"(anonymous_3)","decl":{"start":{"line":19,"column":26},"end":{"line":19,"column":27}},"loc":{"start":{"line":19,"column":33},"end":{"line":21,"column":1}},"line":19},"4":{"name":"(anonymous_4)","decl":{"start":{"line":23,"column":23},"end":{"line":23,"column":24}},"loc":{"start":{"line":23,"column":30},"end":{"line":25,"column":1}},"line":23},"5":{"name":"(anonymous_5)","decl":{"start":{"line":44,"column":63},"end":{"line":44,"column":64}},"loc":{"start":{"line":44,"column":69},"end":{"line":44,"column":88}},"line":44}},"branchMap":{"0":{"loc":{"start":{"line":63,"column":5},"end":{"line":69,"column":8}},"type":"binary-expr","locations":[{"start":{"line":63,"column":6},"end":{"line":63,"column":32}},{"start":{"line":63,"column":36},"end":{"line":63,"column":61}},{"start":{"line":63,"column":66},"end":{"line":69,"column":8}}],"line":63}},"s":{"0":1,"1":4,"2":4,"3":1,"4":1,"5":4,"6":1,"7":1,"8":4,"9":0,"10":4,"11":0,"12":4,"13":0},"f":{"0":4,"1":1,"2":1,"3":0,"4":0,"5":0},"b":{"0":[4,4,0]},"_coverageSchema":"1a1c01bbd47fc00a2c39e90264f33305004495a9","hash":"a065cdc66d68809183f2cbfeec53882f9c0793d3"}
,"/Users/greasonek/projects/code-401/labs/resty/src/Components/Header/index.jsx": {"path":"/Users/greasonek/projects/code-401/labs/resty/src/Components/Header/index.jsx","statementMap":{"0":{"start":{"line":3,"column":15},"end":{"line":8,"column":1}},"1":{"start":{"line":4,"column":2},"end":{"line":7,"column":18}}},"fnMap":{"0":{"name":"(anonymous_0)","decl":{"start":{"line":3,"column":15},"end":{"line":3,"column":16}},"loc":{"start":{"line":3,"column":21},"end":{"line":8,"column":1}},"line":3}},"branchMap":{},"s":{"0":1,"1":3},"f":{"0":3},"b":{},"_coverageSchema":"1a1c01bbd47fc00a2c39e90264f33305004495a9","hash":"1d8898058935e49847691b446d0309bf95eccfe6"}
,"/Users/greasonek/projects/code-401/labs/resty/src/Components/Results/index.jsx": {"path":"/Users/greasonek/projects/code-401/labs/resty/src/Components/Results/index.jsx","statementMap":{"0":{"start":{"line":3,"column":16},"end":{"line":9,"column":1}},"1":{"start":{"line":4,"column":2},"end":{"line":8,"column":5}}},"fnMap":{"0":{"name":"(anonymous_0)","decl":{"start":{"line":3,"column":16},"end":{"line":3,"column":17}},"loc":{"start":{"line":3,"column":27},"end":{"line":9,"column":1}},"line":3}},"branchMap":{"0":{"loc":{"start":{"line":6,"column":10},"end":{"line":6,"column":70}},"type":"cond-expr","locations":[{"start":{"line":6,"column":23},"end":{"line":6,"column":63}},{"start":{"line":6,"column":66},"end":{"line":6,"column":70}}],"line":6}},"s":{"0":1,"1":0},"f":{"0":0},"b":{"0":[0,0]},"_coverageSchema":"1a1c01bbd47fc00a2c39e90264f33305004495a9","hash":"f27755e46c923ce86073387ece5c9ef8934c9ecc"}
}
