TN:
SF:src/App.jsx
FN:15,(anonymous_0)
FN:31,(anonymous_1)
FN:36,(anonymous_2)
FN:63,(anonymous_3)
FN:71,(anonymous_4)
FNF:5
FNH:5
FNDA:3,(anonymous_0)
FNDA:3,(anonymous_1)
FNDA:1,(anonymous_2)
FNDA:1,(anonymous_3)
FNDA:1,(anonymous_4)
DA:15,1
DA:16,3
DA:31,3
DA:33,3
DA:34,1
DA:35,1
DA:36,1
DA:37,1
DA:38,1
DA:39,1
DA:43,1
DA:44,0
DA:45,0
DA:63,1
DA:64,1
DA:71,3
DA:72,1
DA:75,3
LF:18
LH:16
BRDA:33,0,0,2
BRDA:33,0,1,1
BRDA:34,1,0,0
BRDA:34,1,1,1
BRDA:34,2,0,1
BRDA:34,2,1,1
BRDA:83,3,0,3
BRDA:83,3,1,0
BRF:8
BRH:6
end_of_record
TN:
SF:src/Components/Footer/index.jsx
FN:3,(anonymous_0)
FNF:1
FNH:1
FNDA:3,(anonymous_0)
DA:3,1
DA:4,3
LF:2
LH:2
BRF:0
BRH:0
end_of_record
TN:
SF:src/Components/Form/index.jsx
FN:3,(anonymous_0)
FN:10,(anonymous_1)
FN:14,(anonymous_2)
FN:19,(anonymous_3)
FN:23,(anonymous_4)
FN:44,(anonymous_5)
FNF:6
FNH:3
FNDA:4,(anonymous_0)
FNDA:1,(anonymous_1)
FNDA:1,(anonymous_2)
FNDA:0,(anonymous_3)
FNDA:0,(anonymous_4)
FNDA:0,(anonymous_5)
DA:3,1
DA:5,4
DA:10,4
DA:11,1
DA:12,1
DA:14,4
DA:15,1
DA:16,1
DA:19,4
DA:20,0
DA:23,4
DA:24,0
DA:26,4
DA:44,0
LF:14
LH:11
BRDA:63,0,0,4
BRDA:63,0,1,4
BRDA:63,0,2,0
BRF:3
BRH:2
end_of_record
TN:
SF:src/Components/Header/index.jsx
FN:3,(anonymous_0)
FNF:1
FNH:1
FNDA:3,(anonymous_0)
DA:3,1
DA:4,3
LF:2
LH:2
BRF:0
BRH:0
end_of_record
TN:
SF:src/Components/Results/index.jsx
FN:3,(anonymous_0)
FNF:1
FNH:0
FNDA:0,(anonymous_0)
DA:3,1
DA:4,0
LF:2
LH:1
BRDA:6,0,0,0
BRDA:6,0,1,0
BRF:2
BRH:0
end_of_record
